<?xml version="1.0" encoding="UTF-8"?>
<!-- Generated by org.testng.reporters.JUnitReportReporter -->
<testsuite hostname="anotsek-rj-krakow" failures="0" tests="5" name="PositiveCurrencyTest" time="0.844" errors="0" timestamp="19 Nov 2018 16:23:07 GMT" skipped="0">
  <testcase classname="PositiveCurrencyTest" name="currentAverageExchangeRateTest" time="0.183"/>
  <testcase classname="PositiveCurrencyTest" name="currentAverageExchangeRateTest" time="0.119"/>
  <testcase classname="PositiveCurrencyTest" name="currentAverageExchangeRateTest" time="0.183"/>
  <testcase classname="PositiveCurrencyTest" name="currentAverageExchangeRateTest" time="0.120"/>
  <testcase classname="PositiveCurrencyTest" name="currentAverageExchangeRateTest" time="0.239"/>
</testsuite> <!-- PositiveCurrencyTest -->
