<?xml version="1.0" encoding="UTF-8"?>
<!-- Generated by org.testng.reporters.JUnitReportReporter -->
<testsuite hostname="anotsek-ws-krakow" failures="0" tests="5" name="PositiveCurrencyTest" time="1.047" errors="0" timestamp="19 Nov 2018 19:59:55 GMT" skipped="0">
  <testcase classname="PositiveCurrencyTest" name="currentAverageExchangeRateTest" time="0.109"/>
  <testcase classname="PositiveCurrencyTest" name="currentAverageExchangeRateTest" time="0.277"/>
  <testcase classname="PositiveCurrencyTest" name="currentAverageExchangeRateTest" time="0.206"/>
  <testcase classname="PositiveCurrencyTest" name="currentAverageExchangeRateTest" time="0.093"/>
  <testcase classname="PositiveCurrencyTest" name="currentAverageExchangeRateTest" time="0.362"/>
</testsuite> <!-- PositiveCurrencyTest -->
